<?xml version="1.0" encoding="UTF-8"?>
<!-- Generated by org.testng.reporters.JUnitReportReporter -->
<testsuite hostname="EPINBANW03CC" failures="0" tests="4" name="restassuredtraining.RestAssuredNonBDD" time="1.107" errors="0" timestamp="2023-03-30T20:24:43 IST" skipped="3">
  <testcase classname="restassuredtraining.RestAssuredNonBDD" name="deleteAnEmployee" time="1.107"/>
  <system-out/>
  <testcase classname="restassuredtraining.RestAssuredNonBDD" name="UpdateAnEmployee">
    <skipped/>
  </testcase> <!-- UpdateAnEmployee -->
  <system-out/>
  <testcase classname="restassuredtraining.RestAssuredNonBDD" name="getAllEmployees">
    <skipped/>
  </testcase> <!-- getAllEmployees -->
  <system-out/>
  <testcase classname="restassuredtraining.RestAssuredNonBDD" name="createAnEmployee">
    <skipped/>
  </testcase> <!-- createAnEmployee -->
  <system-out/>
</testsuite> <!-- restassuredtraining.RestAssuredNonBDD -->
