<?xml version="1.0" encoding="UTF-8"?>
<!-- Generated by org.testng.reporters.JUnitReportReporter -->
<testsuite hostname="EPINBANW03CC" failures="0" tests="5" name="restassuredtraining.RestAssuredBDD" time="1.071" errors="0" timestamp="2023-03-30T21:15:41 IST" skipped="4">
  <testcase classname="restassuredtraining.RestAssuredBDD" name="DeleteAnEmployee" time="1.071"/>
  <system-out/>
  <testcase classname="restassuredtraining.RestAssuredBDD" name="UpdateAnEmployee">
    <skipped/>
  </testcase> <!-- UpdateAnEmployee -->
  <system-out/>
  <testcase classname="restassuredtraining.RestAssuredBDD" name="GetAllEmployees">
    <skipped/>
  </testcase> <!-- GetAllEmployees -->
  <system-out/>
  <testcase classname="restassuredtraining.RestAssuredBDD" name="CreateAnEmployee">
    <skipped/>
  </testcase> <!-- CreateAnEmployee -->
  <system-out/>
  <testcase classname="restassuredtraining.RestAssuredBDD" name="CreateAnEmployeee">
    <skipped/>
  </testcase> <!-- CreateAnEmployeee -->
  <system-out/>
</testsuite> <!-- restassuredtraining.RestAssuredBDD -->
