<?xml version="1.0" encoding="UTF-8"?>
<!-- Generated by org.testng.reporters.JUnitReportReporter -->
<testsuite hostname="EPINBANW03CC" failures="0" tests="1" name="jsonschemavalidation.JsonSchemaValidationUsingHamcrest" time="0.390" errors="0" timestamp="2023-04-01T17:18:11 IST" skipped="0">
  <testcase classname="jsonschemavalidation.JsonSchemaValidationUsingHamcrest" name="JsonSchemaValidatorwithHamcrest" time="0.390"/>
  <system-out/>
</testsuite> <!-- jsonschemavalidation.JsonSchemaValidationUsingHamcrest -->
