<?xml version="1.0" encoding="UTF-8"?>
<!-- Generated by org.testng.reporters.JUnitReportReporter -->
<testsuite hostname="EPINBANW03CC" failures="0" tests="1" name="jsonschemavalidation.JsonSchemaValidationNetworkNT" time="0.217" errors="0" timestamp="2023-04-01T17:03:52 IST" skipped="0">
  <testcase classname="jsonschemavalidation.JsonSchemaValidationNetworkNT" name="JsonSchemaValidatorUsingNetworkNT" time="0.217"/>
  <system-out/>
</testsuite> <!-- jsonschemavalidation.JsonSchemaValidationNetworkNT -->
