<?xml version="1.0" encoding="UTF-8"?>
<!-- Generated by org.testng.reporters.JUnitReportReporter -->
<testsuite hostname="EPINBANW03CC" failures="0" tests="1" name="testCases.LoginTestCases" time="0.309" errors="0" timestamp="2023-02-15T00:35:47 IST" skipped="0">
  <testcase classname="testCases.LoginTestCases" name="LoginTestcase" time="0.309"/>
  <system-out/>
</testsuite> <!-- testCases.LoginTestCases -->
