<?xml version="1.0" encoding="UTF-8"?>
<!-- Generated by org.testng.reporters.JUnitReportReporter -->
<testsuite hostname="EPINBANW03CC" failures="0" tests="3" name="testNG.SuiteExample" time="7.271" errors="0" timestamp="2023-02-12T18:24:37 IST" skipped="0">
  <testcase classname="testNG.SuiteExample" name="OpenGoogle" time="4.089"/>
  <system-out/>
  <testcase classname="testNG.SuiteExample" name="OpenBing" time="0.817"/>
  <system-out/>
  <testcase classname="testNG.SuiteExample" name="OpenYahoo" time="2.365"/>
  <system-out/>
</testsuite> <!-- testNG.SuiteExample -->
