<?xml version="1.0" encoding="UTF-8"?>
<!-- Generated by org.testng.reporters.JUnitReportReporter -->
<testsuite hostname="EPINBANW03CC" failures="0" tests="1" name="testNG.AnnotationOrder" time="0.004" errors="0" timestamp="2023-02-12T18:51:02 IST" skipped="0">
  <testcase classname="testNG.AnnotationOrder" name="f" time="0.004"/>
  <system-out/>
</testsuite> <!-- testNG.AnnotationOrder -->
