<?xml version="1.0" encoding="UTF-8"?>
<!-- Generated by org.testng.reporters.JUnitReportReporter -->
<testsuite hostname="EPINBANW03CC" failures="0" tests="2" name="testNG.SampleClass" time="0.002" errors="0" timestamp="2023-02-12T17:37:09 IST" skipped="0">
  <testcase classname="testNG.SampleClass" name="SecondTestCase" time="0.001"/>
  <system-out/>
  <testcase classname="testNG.SampleClass" name="FirstTestCase" time="0.001"/>
  <system-out/>
</testsuite> <!-- testNG.SampleClass -->
