<?xml version="1.0" encoding="UTF-8"?>
<!-- Generated by org.testng.reporters.JUnitReportReporter -->
<testsuite hostname="EPINBANW03CC" failures="0" tests="3" name="testNG.SuiteExample" time="9.701" errors="0" timestamp="2023-02-13T18:44:10 IST" skipped="0">
  <testcase classname="testNG.SuiteExample" name="OpenGoogle" time="3.228"/>
  <system-out/>
  <testcase classname="testNG.SuiteExample" name="OpenBing" time="0.911"/>
  <system-out/>
  <testcase classname="testNG.SuiteExample" name="OpenYahoo" time="5.562"/>
  <system-out/>
</testsuite> <!-- testNG.SuiteExample -->
