<?xml version="1.0" encoding="UTF-8"?>
<!-- Generated by org.testng.reporters.JUnitReportReporter -->
<testsuite hostname="EPINBANW03CC" failures="0" tests="7" name="testNG.DriveACar" time="0.011" errors="0" timestamp="2023-02-12T17:37:09 IST" skipped="1">
  <testcase classname="testNG.DriveACar" name="StartCar" time="0.007"/>
  <system-out/>
  <testcase classname="testNG.DriveACar" name="FirstGear" time="0.001"/>
  <system-out/>
  <testcase classname="testNG.DriveACar" name="SecondGear" time="0.001"/>
  <system-out/>
  <testcase classname="testNG.DriveACar" name="ThirdGear" time="0.001"/>
  <system-out/>
  <testcase classname="testNG.DriveACar" name="FourthGear" time="0.001"/>
  <system-out/>
  <testcase classname="testNG.DriveACar" name="FifthGear" time="0.000"/>
  <system-out/>
  <testcase classname="testNG.DriveACar" name="StartMusic">
    <skipped/>
  </testcase> <!-- StartMusic -->
  <system-out/>
</testsuite> <!-- testNG.DriveACar -->
