<?xml version="1.0" encoding="UTF-8"?>
<!-- Generated by org.testng.reporters.JUnitReportReporter -->
<testsuite hostname="EPINBANW03CC" failures="0" tests="1" name="testNG.ParameterExample" time="0.008" errors="0" timestamp="2023-02-12T18:16:53 IST" skipped="0">
  <testcase classname="testNG.ParameterExample" name="method" time="0.008"/>
  <system-out/>
</testsuite> <!-- testNG.ParameterExample -->
