<?xml version="1.0" encoding="UTF-8"?>
<!-- Generated by org.testng.reporters.JUnitReportReporter -->
<testsuite hostname="EPINBANW03CC" failures="0" tests="4" name="dataDrivenTesting.DataProviderExample" time="0.469" errors="0" timestamp="2023-02-13T19:32:09 IST" skipped="0">
  <testcase classname="dataDrivenTesting.DataProviderExample" name="EnteringDetails" time="0.128"/>
  <system-out/>
  <testcase classname="dataDrivenTesting.DataProviderExample" name="EnteringDetails" time="0.104"/>
  <system-out/>
  <testcase classname="dataDrivenTesting.DataProviderExample" name="EnteringDetails" time="0.146"/>
  <system-out/>
  <testcase classname="dataDrivenTesting.DataProviderExample" name="EnteringDetails" time="0.091"/>
  <system-out/>
</testsuite> <!-- dataDrivenTesting.DataProviderExample -->
