<?xml version="1.0" encoding="UTF-8"?>
<!-- Generated by org.testng.reporters.JUnitReportReporter -->
<testsuite hostname="EPINBANW03CC" failures="0" tests="3" name="testNG.ParallelTesting" time="9.637" errors="0" timestamp="2023-02-12T18:27:33 IST" skipped="0">
  <testcase classname="testNG.ParallelTesting" name="OpenGoogle" time="5.878"/>
  <system-out/>
  <testcase classname="testNG.ParallelTesting" name="OpenBing" time="0.841"/>
  <system-out/>
  <testcase classname="testNG.ParallelTesting" name="OpenYahoo" time="2.918"/>
  <system-out/>
</testsuite> <!-- testNG.ParallelTesting -->
