<?xml version="1.0" encoding="UTF-8"?>
<!-- Generated by org.testng.reporters.JUnitReportReporter -->
<testsuite hostname="EPINBANW03CC" failures="0" tests="4" name="testNG.GroupExample" time="0.013" errors="0" timestamp="2023-02-12T18:10:39 IST" skipped="0">
  <testcase classname="testNG.GroupExample" name="method2" time="0.001"/>
  <system-out/>
  <testcase classname="testNG.GroupExample" name="method3" time="0.001"/>
  <system-out/>
  <testcase classname="testNG.GroupExample" name="method1" time="0.010"/>
  <system-out/>
  <testcase classname="testNG.GroupExample" name="method4" time="0.001"/>
  <system-out/>
</testsuite> <!-- testNG.GroupExample -->
